<?xml version="1.0" encoding="UTF-8"?>
<!-- Generated by org.testng.reporters.JUnitReportReporter -->
<testsuite hostname="DESKTOP-4V6K336" failures="0" tests="1" name="script.CornerStoneTest" time="24.160" errors="0" timestamp="2022-05-09T20:47:23 IST" skipped="0">
  <testcase classname="script.CornerStoneTest" name="tc1" time="24.160"/>
  <system-out>
    <![CDATA[Cornerstone Demo
https://cornerstone-light-demo.mybigcommerce.com/checkout/order-confirmation
Your order number is 1637]]>
  </system-out>
</testsuite> <!-- script.CornerStoneTest -->
